<?xml version="1.0" encoding="UTF-8"?>
<!-- Generated by org.testng.reporters.JUnitReportReporter -->
<testsuite skipped="0" hostname="DESKTOP-TP18Q4P" name="TESTNG.Test1" tests="1" failures="0" timestamp="04 Aug 2020 11:46:34 GMT" time="0.136" errors="0">
  <testcase name="methods" time="0.136" classname="TESTNG.Test1"/>
</testsuite> <!-- TESTNG.Test1 -->
